<?xml version="1.0" encoding="UTF-8"?>
<!-- Generated by org.testng.reporters.JUnitReportReporter -->
<testsuite hostname="Nagys-iMac.local" failures="0" tests="4" name="Testlayer.LoginTest" time="31.913" errors="0" timestamp="2023-09-05T18:09:48 EDT" skipped="0">
  <testcase classname="Testlayer.LoginTest" name="Title" time="6.998"/>
  <system-out/>
  <testcase classname="Testlayer.LoginTest" name="Login" time="7.498"/>
  <system-out/>
  <testcase classname="Testlayer.LoginTest" name="Login" time="9.810"/>
  <system-out/>
  <testcase classname="Testlayer.LoginTest" name="Login" time="7.607"/>
  <system-out/>
</testsuite> <!-- Testlayer.LoginTest -->
